<?xml version="1.0" encoding="UTF-8"?>
<testng-results skipped="0" failed="0" ignored="0" total="2" passed="2">
  <reporter-output>
  </reporter-output>
  <suite name="SikuliTest.GoogleTitleTest" duration-ms="19396" started-at="2021-01-30T06:06:11 SGT" finished-at="2021-01-30T06:06:30 SGT">
    <groups>
    </groups>
    <test name="Command line test" duration-ms="19396" started-at="2021-01-30T06:06:11 SGT" finished-at="2021-01-30T06:06:30 SGT">
      <class name="SikuliTest.GoogleTitleTest">
        <test-method status="PASS" signature="testSukuliWDM_DefinedVersion()[pri:0, instance:SikuliTest.GoogleTitleTest@2b2948e2]" name="testSukuliWDM_DefinedVersion" duration-ms="12646" started-at="2021-01-30T06:06:11 SGT" finished-at="2021-01-30T06:06:23 SGT">
          <reporter-output>
          </reporter-output>
        </test-method> <!-- testSukuliWDM_DefinedVersion -->
        <test-method status="PASS" signature="testSukuliWDM_DynamicVersion()[pri:0, instance:SikuliTest.GoogleTitleTest@2b2948e2]" name="testSukuliWDM_DynamicVersion" duration-ms="6717" started-at="2021-01-30T06:06:23 SGT" finished-at="2021-01-30T06:06:30 SGT">
          <reporter-output>
          </reporter-output>
        </test-method> <!-- testSukuliWDM_DynamicVersion -->
      </class> <!-- SikuliTest.GoogleTitleTest -->
    </test> <!-- Command line test -->
  </suite> <!-- SikuliTest.GoogleTitleTest -->
</testng-results>
